Arguments: 
  D:\Software\nodejs\node.exe D:\Software\Yarn\bin\yarn.js add vue-template-compiler -D

PATH: 
  D:\Software\cmder\vendor\git-for-windows\mingw64\bin;D:\Software\cmder\vendor\git-for-windows\usr\bin;C:\Users\Yukun\bin;D:\Software\hugo;C:\Program Files\Microsoft VS Code\bin;D:\Software\Yarn\bin;C:\Program Files\Microsoft VS Code\bin;C:\Windows\System32;D:\Software\Yarn\bin;D:\Software\nvm;D:\Software\nodejs;D:\Software\MongoDB\Server\4.2\bin;C:\Users\Yukun\AppData\Local\Programs\Python\Python37-32\Scripts;C:\Users\Yukun\AppData\Local\Programs\Python\Python37-32;C:\Users\Yukun\AppData\Local\Programs\Python\Python37\Scripts;C:\Users\Yukun\AppData\Local\Programs\Python\Python37;C:\Users\Yukun\AppData\Roaming\npm;C:\Program Files\JetBrains\WebStorm 2019.2.4\bin;C:\Users\Yukun\AppData\Local\Yarn\bin;D:\Software\nvm;D:\Software\nodejs;C:\Program Files (x86)\MyDrivers\DriverGenius;C:\Program Files (x86)\MyDrivers\DriverGenius\ksoft

Yarn version: 
  1.21.1

Node version: 
  10.13.0

Platform: 
  win32 x64

Trace: 
  Error: EPERM: operation not permitted, unlink 'C:\Users\Yukun\Desktop\practice\gulu-demo\node_modules\deasync\bin\win32-x64-node-10\deasync.node'

npm manifest: 
  {
    "name": "gulu",
    "version": "0.0.1",
    "description": "这是一个UI框架",
    "main": "index.js",
    "scripts": {
      "test": "echo \"Error: no test specified\" && exit 1"
    },
    "repository": {
      "type": "git",
      "url": "git+https://github.com/aslan-alt/Vue-gulu.git"
    },
    "keywords": [
      "vue",
      "ui"
    ],
    "author": "aslan",
    "license": "MIT",
    "bugs": {
      "url": "https://github.com/aslan-alt/Vue-gulu/issues"
    },
    "homepage": "https://github.com/aslan-alt/Vue-gulu#readme",
    "dependencies": {
      "vue": "^2.6.11"
    },
    "devDependencies": {
      "parcel-bundler": "^1.12.4"
    }
  }

yarn manifest: 
  No manifest

Lockfile: 
  No lockfile
